{"level":"info","message":"All seeder migrated successfully {\"stdout\":\"\\n\\u001b[4mSequelize CLI [Node: 18.15.0, CLI: 6.6.0, ORM: 6.31.0]\\u001b[24m\\n\\nLoaded configuration file \\\"config\\\\database.js\\\".\\nUsing environment \\\"development\\\".\\nNo seeders found.\\n\"}","timestamp":"2023-04-24T10:08:19.582Z"}
{"level":"info","message":"All seeder migrated successfully {\"stdout\":\"\\n\\u001b[4mSequelize CLI [Node: 18.15.0, CLI: 6.6.0, ORM: 6.31.0]\\u001b[24m\\n\\nLoaded configuration file \\\"config\\\\database.js\\\".\\nUsing environment \\\"development\\\".\\nNo seeders found.\\n\"}","timestamp":"2023-04-24T10:59:09.316Z"}
{"level":"info","message":"All seeder migrated successfully {\"stdout\":\"\\n\\u001b[4mSequelize CLI [Node: 18.15.0, CLI: 6.6.0, ORM: 6.31.0]\\u001b[24m\\n\\nLoaded configuration file \\\"config\\\\database.js\\\".\\nUsing environment \\\"development\\\".\\nNo seeders found.\\n\"}","timestamp":"2023-04-24T11:03:29.941Z"}
{"level":"info","message":"All seeder migrated successfully {\"stdout\":\"\\n\\u001b[4mSequelize CLI [Node: 18.15.0, CLI: 6.6.0, ORM: 6.31.0]\\u001b[24m\\n\\nLoaded configuration file \\\"config\\\\database.js\\\".\\nUsing environment \\\"development\\\".\\n== 20230424094557-demo-user: migrating =======\\n== 20230424094557-demo-user: migrated (0.010s)\\n\\n\"}","timestamp":"2023-04-24T11:04:13.314Z"}
{"level":"info","message":"All seeder migrated successfully {\"stdout\":\"\\n\\u001b[4mSequelize CLI [Node: 18.15.0, CLI: 6.6.0, ORM: 6.31.0]\\u001b[24m\\n\\nLoaded configuration file \\\"config\\\\database.js\\\".\\nUsing environment \\\"development\\\".\\nNo seeders found.\\n\"}","timestamp":"2023-04-24T11:04:32.105Z"}
{"level":"info","message":"All seeder migrated successfully {\"stdout\":\"\\n\\u001b[4mSequelize CLI [Node: 18.15.0, CLI: 6.6.0, ORM: 6.31.0]\\u001b[24m\\n\\nLoaded configuration file \\\"config\\\\database.js\\\".\\nUsing environment \\\"development\\\".\\n== 20230424094557-demo-user: migrating =======\\n== 20230424094557-demo-user: migrated (0.004s)\\n\\n\"}","timestamp":"2023-04-24T11:44:29.515Z"}
{"level":"info","message":"All seeder migrated successfully {\"stdout\":\"\\n\\u001b[4mSequelize CLI [Node: 18.15.0, CLI: 6.6.0, ORM: 6.31.0]\\u001b[24m\\n\\nLoaded configuration file \\\"config\\\\database.js\\\".\\nUsing environment \\\"development\\\".\\n== 20230424094557-demo-user: migrating =======\\n== 20230424094557-demo-user: migrated (0.005s)\\n\\n\"}","timestamp":"2023-04-24T11:54:13.044Z"}
{"level":"info","message":"Server is running at 8000 port","timestamp":"2023-04-24T12:42:42.625Z"}
{"level":"info","message":"Database connected successfully","timestamp":"2023-04-24T12:42:42.664Z"}
{"level":"info","message":"Database sync successfully","timestamp":"2023-04-24T12:42:42.670Z"}
{"level":"info","message":"Server is running at 8000 port","timestamp":"2023-04-24T12:44:27.036Z"}
{"level":"info","message":"Database connected successfully","timestamp":"2023-04-24T12:44:27.075Z"}
{"level":"info","message":"Database sync successfully","timestamp":"2023-04-24T12:44:27.087Z"}
{"level":"info","message":"Server is running at 8000 port","timestamp":"2023-04-24T12:48:05.819Z"}
{"level":"info","message":"Database connected successfully","timestamp":"2023-04-24T12:48:05.859Z"}
{"level":"info","message":"Database sync successfully","timestamp":"2023-04-24T12:48:05.865Z"}
{"level":"info","message":"Server is running at 8000 port","timestamp":"2023-04-24T12:58:25.674Z"}
{"level":"info","message":"Database connected successfully","timestamp":"2023-04-24T12:58:25.715Z"}
{"level":"info","message":"Database sync successfully","timestamp":"2023-04-24T12:58:25.722Z"}
{"level":"info","message":"Server is running at 8000 port","timestamp":"2023-04-24T13:00:25.816Z"}
{"level":"info","message":"Database connected successfully","timestamp":"2023-04-24T13:00:25.854Z"}
{"level":"info","message":"Database sync successfully","timestamp":"2023-04-24T13:00:25.861Z"}
{"level":"info","message":"Server is running at 8000 port","timestamp":"2023-04-24T13:01:45.048Z"}
{"level":"info","message":"Database connected successfully","timestamp":"2023-04-24T13:01:45.085Z"}
{"level":"info","message":"Database sync successfully","timestamp":"2023-04-24T13:01:45.094Z"}
{"level":"info","message":"Server is running at 8000 port","timestamp":"2023-04-24T13:02:47.876Z"}
{"level":"info","message":"Database connected successfully","timestamp":"2023-04-24T13:02:47.915Z"}
{"level":"info","message":"Database sync successfully","timestamp":"2023-04-24T13:02:47.923Z"}
{"level":"info","message":"Server is running at 8000 port","timestamp":"2023-04-24T13:03:05.574Z"}
{"level":"info","message":"Database connected successfully","timestamp":"2023-04-24T13:03:05.615Z"}
{"level":"info","message":"Database sync successfully","timestamp":"2023-04-24T13:03:05.621Z"}
{"level":"info","message":"Server is running at 8000 port","timestamp":"2023-04-24T13:04:42.160Z"}
{"level":"info","message":"Database connected successfully","timestamp":"2023-04-24T13:04:42.198Z"}
{"level":"info","message":"Database sync successfully","timestamp":"2023-04-24T13:04:42.204Z"}
{"level":"info","message":"Server is running at 8000 port","timestamp":"2023-04-24T13:06:46.219Z"}
{"level":"info","message":"Database connected successfully","timestamp":"2023-04-24T13:06:46.256Z"}
{"level":"info","message":"Database sync successfully","timestamp":"2023-04-24T13:06:46.265Z"}
{"level":"info","message":"Server is running at 8000 port","timestamp":"2023-04-24T13:09:53.538Z"}
{"level":"info","message":"Database connected successfully","timestamp":"2023-04-24T13:09:53.577Z"}
{"level":"info","message":"Database sync successfully","timestamp":"2023-04-24T13:09:53.583Z"}
{"level":"info","message":"Server is running at 8000 port","timestamp":"2023-04-24T13:12:16.083Z"}
{"level":"info","message":"Database connected successfully","timestamp":"2023-04-24T13:12:16.119Z"}
{"level":"info","message":"Database sync successfully","timestamp":"2023-04-24T13:12:16.126Z"}
{"level":"info","message":"Server is running at 8000 port","timestamp":"2023-04-24T13:12:49.865Z"}
{"level":"info","message":"Database connected successfully","timestamp":"2023-04-24T13:12:49.904Z"}
{"level":"info","message":"Database sync successfully","timestamp":"2023-04-24T13:12:49.912Z"}
{"level":"info","message":"Server is running at 8000 port","timestamp":"2023-04-24T13:15:30.937Z"}
{"level":"info","message":"Database connected successfully","timestamp":"2023-04-24T13:15:30.976Z"}
{"level":"info","message":"Database sync successfully","timestamp":"2023-04-24T13:15:30.982Z"}
{"level":"info","message":"Server is running at 8000 port","timestamp":"2023-04-24T13:15:38.987Z"}
{"level":"info","message":"Database connected successfully","timestamp":"2023-04-24T13:15:39.027Z"}
{"level":"info","message":"Database sync successfully","timestamp":"2023-04-24T13:15:39.036Z"}
{"level":"info","message":"Server is running at 8000 port","timestamp":"2023-04-24T13:16:50.596Z"}
{"level":"info","message":"Database connected successfully","timestamp":"2023-04-24T13:16:50.636Z"}
{"level":"info","message":"Database sync successfully","timestamp":"2023-04-24T13:16:50.643Z"}
{"level":"info","message":"Server is running at 8000 port","timestamp":"2023-04-24T13:17:08.546Z"}
{"level":"info","message":"Database connected successfully","timestamp":"2023-04-24T13:17:08.585Z"}
{"level":"info","message":"Database sync successfully","timestamp":"2023-04-24T13:17:08.592Z"}
{"level":"info","message":"Server is running at 8000 port","timestamp":"2023-04-24T13:18:52.887Z"}
{"level":"info","message":"Database connected successfully","timestamp":"2023-04-24T13:18:52.927Z"}
{"level":"info","message":"Database sync successfully","timestamp":"2023-04-24T13:18:52.934Z"}
{"level":"info","message":"Server is running at 8000 port","timestamp":"2023-04-24T13:19:51.720Z"}
{"level":"info","message":"Database connected successfully","timestamp":"2023-04-24T13:19:51.761Z"}
{"level":"info","message":"Database sync successfully","timestamp":"2023-04-24T13:19:51.767Z"}
{"level":"info","message":"Server is running at 8000 port","timestamp":"2023-04-24T13:21:50.638Z"}
{"level":"info","message":"Database connected successfully","timestamp":"2023-04-24T13:21:50.674Z"}
{"level":"info","message":"Database sync successfully","timestamp":"2023-04-24T13:21:50.682Z"}
{"level":"info","message":"Server is running at 8000 port","timestamp":"2023-04-24T13:22:08.760Z"}
{"level":"info","message":"Database connected successfully","timestamp":"2023-04-24T13:22:08.799Z"}
{"level":"info","message":"Database sync successfully","timestamp":"2023-04-24T13:22:08.806Z"}
{"level":"info","message":"Server is running at 8000 port","timestamp":"2023-04-24T13:22:44.282Z"}
{"level":"info","message":"Database connected successfully","timestamp":"2023-04-24T13:22:44.326Z"}
{"level":"info","message":"Database sync successfully","timestamp":"2023-04-24T13:22:44.333Z"}
{"level":"info","message":"Server is running at 8000 port","timestamp":"2023-04-24T13:23:26.435Z"}
{"level":"info","message":"Database connected successfully","timestamp":"2023-04-24T13:23:26.476Z"}
{"level":"info","message":"Database sync successfully","timestamp":"2023-04-24T13:23:26.482Z"}
{"level":"info","message":"Server is running at 8000 port","timestamp":"2023-04-24T13:24:27.839Z"}
{"level":"info","message":"Database connected successfully","timestamp":"2023-04-24T13:24:27.878Z"}
{"level":"info","message":"Database sync successfully","timestamp":"2023-04-24T13:24:27.884Z"}
{"level":"info","message":"Server is running at 8000 port","timestamp":"2023-04-24T13:25:54.727Z"}
{"level":"info","message":"Database connected successfully","timestamp":"2023-04-24T13:25:54.766Z"}
{"level":"info","message":"Database sync successfully","timestamp":"2023-04-24T13:25:54.774Z"}
{"level":"info","message":"Server is running at 8000 port","timestamp":"2023-04-24T13:31:57.596Z"}
{"level":"info","message":"Database connected successfully","timestamp":"2023-04-24T13:31:57.636Z"}
{"level":"info","message":"Database sync successfully","timestamp":"2023-04-24T13:31:57.643Z"}
{"level":"info","message":"Server is running at 8000 port","timestamp":"2023-04-24T13:32:22.244Z"}
{"level":"info","message":"Database connected successfully","timestamp":"2023-04-24T13:32:22.284Z"}
{"level":"info","message":"Database sync successfully","timestamp":"2023-04-24T13:32:22.291Z"}
{"level":"info","message":"Server is running at 8000 port","timestamp":"2023-04-24T13:32:53.592Z"}
{"level":"info","message":"Database connected successfully","timestamp":"2023-04-24T13:32:53.634Z"}
{"level":"info","message":"Database sync successfully","timestamp":"2023-04-24T13:32:53.640Z"}
{"level":"info","message":"Server is running at 8000 port","timestamp":"2023-04-24T13:33:18.376Z"}
{"level":"info","message":"Database connected successfully","timestamp":"2023-04-24T13:33:18.414Z"}
{"level":"info","message":"Database sync successfully","timestamp":"2023-04-24T13:33:18.423Z"}
{"level":"info","message":"Server is running at 8000 port","timestamp":"2023-04-24T13:35:13.093Z"}
{"level":"info","message":"Database connected successfully","timestamp":"2023-04-24T13:35:13.155Z"}
{"level":"info","message":"Database sync successfully","timestamp":"2023-04-24T13:35:13.163Z"}
{"level":"info","message":"Server is running at 8000 port","timestamp":"2023-04-24T13:36:30.045Z"}
{"level":"info","message":"Database connected successfully","timestamp":"2023-04-24T13:36:30.081Z"}
{"level":"info","message":"Database sync successfully","timestamp":"2023-04-24T13:36:30.091Z"}
{"level":"info","message":"Server is running at 8000 port","timestamp":"2023-04-24T13:37:19.495Z"}
{"level":"info","message":"Database connected successfully","timestamp":"2023-04-24T13:37:19.533Z"}
{"level":"info","message":"Database sync successfully","timestamp":"2023-04-24T13:37:19.540Z"}
{"level":"info","message":"Server is running at 8000 port","timestamp":"2023-04-24T13:37:52.018Z"}
{"level":"info","message":"Database connected successfully","timestamp":"2023-04-24T13:37:52.057Z"}
{"level":"info","message":"Database sync successfully","timestamp":"2023-04-24T13:37:52.064Z"}
{"level":"info","message":"Server is running at 8000 port","timestamp":"2023-04-24T13:38:18.275Z"}
{"level":"info","message":"Database connected successfully","timestamp":"2023-04-24T13:38:18.316Z"}
{"level":"info","message":"Database sync successfully","timestamp":"2023-04-24T13:38:18.324Z"}
{"level":"info","message":"Server is running at 8000 port","timestamp":"2023-04-24T13:38:33.898Z"}
{"level":"info","message":"Database connected successfully","timestamp":"2023-04-24T13:38:33.939Z"}
{"level":"info","message":"Database sync successfully","timestamp":"2023-04-24T13:38:33.946Z"}
{"level":"info","message":"Server is running at 8000 port","timestamp":"2023-04-24T13:47:34.025Z"}
{"level":"info","message":"Database connected successfully","timestamp":"2023-04-24T13:47:34.064Z"}
{"level":"info","message":"Database sync successfully","timestamp":"2023-04-24T13:47:34.071Z"}
{"level":"info","message":"Server is running at 8000 port","timestamp":"2023-04-24T13:47:41.422Z"}
{"level":"info","message":"Database connected successfully","timestamp":"2023-04-24T13:47:41.462Z"}
{"level":"info","message":"Database sync successfully","timestamp":"2023-04-24T13:47:41.471Z"}
{"level":"info","message":"Server is running at 8000 port","timestamp":"2023-04-24T13:48:17.320Z"}
{"level":"info","message":"Database connected successfully","timestamp":"2023-04-24T13:48:17.358Z"}
{"level":"info","message":"Database sync successfully","timestamp":"2023-04-24T13:48:17.369Z"}
{"level":"info","message":"Server is running at 8000 port","timestamp":"2023-04-24T13:48:37.845Z"}
{"level":"info","message":"Database connected successfully","timestamp":"2023-04-24T13:48:37.883Z"}
{"level":"info","message":"Database sync successfully","timestamp":"2023-04-24T13:48:37.891Z"}
{"level":"info","message":"Server is running at 8000 port","timestamp":"2023-04-24T13:48:49.940Z"}
{"level":"info","message":"Database connected successfully","timestamp":"2023-04-24T13:48:49.980Z"}
{"level":"info","message":"Database sync successfully","timestamp":"2023-04-24T13:48:49.986Z"}
{"level":"info","message":"Server is running at 8000 port","timestamp":"2023-04-24T13:49:21.454Z"}
{"level":"info","message":"Database connected successfully","timestamp":"2023-04-24T13:49:21.493Z"}
{"level":"info","message":"Database sync successfully","timestamp":"2023-04-24T13:49:21.499Z"}
{"level":"info","message":"Server is running at 8000 port","timestamp":"2023-04-24T13:50:55.267Z"}
{"level":"info","message":"Database connected successfully","timestamp":"2023-04-24T13:50:55.308Z"}
{"level":"info","message":"Database sync successfully","timestamp":"2023-04-24T13:50:55.315Z"}
{"level":"info","message":"Server is running at 8000 port","timestamp":"2023-04-24T13:51:19.593Z"}
{"level":"info","message":"Database connected successfully","timestamp":"2023-04-24T13:51:19.635Z"}
{"level":"info","message":"Database sync successfully","timestamp":"2023-04-24T13:51:19.642Z"}
{"level":"info","message":"Server is running at 8000 port","timestamp":"2023-04-24T13:51:54.451Z"}
{"level":"info","message":"Database connected successfully","timestamp":"2023-04-24T13:51:54.497Z"}
{"level":"info","message":"Database sync successfully","timestamp":"2023-04-24T13:51:54.506Z"}
{"level":"info","message":"Server is running at 8000 port","timestamp":"2023-04-24T13:52:38.530Z"}
{"level":"info","message":"Database connected successfully","timestamp":"2023-04-24T13:52:38.568Z"}
{"level":"info","message":"Database sync successfully","timestamp":"2023-04-24T13:52:38.576Z"}
{"level":"info","message":"Server is running at 8000 port","timestamp":"2023-04-24T13:54:13.994Z"}
{"level":"info","message":"Database connected successfully","timestamp":"2023-04-24T13:54:14.034Z"}
{"level":"info","message":"Database sync successfully","timestamp":"2023-04-24T13:54:14.042Z"}
